Copyright 1986-2018 Xilinx, Inc. All Rights Reserved.
-------------------------------------------------------------------------------------------------------------------------------------------------------------------
| Tool Version     : Vivado v.2018.2.1 (win64) Build 2288692 Thu Jul 26 18:24:02 MDT 2018
| Date             : Thu Dec  8 13:15:32 2022
| Host             : pcetu-189 running 64-bit major release  (build 9200)
| Command          : report_power -file HDMI_bd_wrapper_power_routed.rpt -pb HDMI_bd_wrapper_power_summary_routed.pb -rpx HDMI_bd_wrapper_power_routed.rpx
| Design           : HDMI_bd_wrapper
| Device           : xc7z020clg400-1
| Design State     : routed
| Grade            : commercial
| Process          : typical
| Characterization : Production
-------------------------------------------------------------------------------------------------------------------------------------------------------------------

Power Report

Table of Contents
-----------------
1. Summary
1.1 On-Chip Components
1.2 Power Supply Summary
1.3 Confidence Level
2. Settings
2.1 Environment
2.2 Clock Constraints
3. Detailed Reports
3.1 By Hierarchy

1. Summary
----------

+--------------------------+--------------+
| Total On-Chip Power (W)  | 0.528        |
| Design Power Budget (W)  | Unspecified* |
| Power Budget Margin (W)  | NA           |
| Dynamic (W)              | 0.415        |
| Device Static (W)        | 0.112        |
| Effective TJA (C/W)      | 11.5         |
| Max Ambient (C)          | 78.9         |
| Junction Temperature (C) | 31.1         |
| Confidence Level         | Low          |
| Setting File             | ---          |
| Simulation Activity File | ---          |
| Design Nets Matched      | NA           |
+--------------------------+--------------+
* Specify Design Power Budget using, set_operating_conditions -design_power_budget <value in Watts>


1.1 On-Chip Components
----------------------

+--------------------------+-----------+----------+-----------+-----------------+
| On-Chip                  | Power (W) | Used     | Available | Utilization (%) |
+--------------------------+-----------+----------+-----------+-----------------+
| Clocks                   |     0.005 |        5 |       --- |             --- |
| Slice Logic              |     0.007 |     3238 |       --- |             --- |
|   LUT as Logic           |     0.006 |     1117 |     53200 |            2.10 |
|   CARRY4                 |    <0.001 |      149 |     13300 |            1.12 |
|   Register               |    <0.001 |     1281 |    106400 |            1.20 |
|   BUFG                   |    <0.001 |        3 |        32 |            9.38 |
|   LUT as Distributed RAM |    <0.001 |       24 |     17400 |            0.14 |
|   F7/F8 Muxes            |    <0.001 |       27 |     53200 |            0.05 |
|   Others                 |    <0.001 |      202 |       --- |             --- |
|   BUFR                   |     0.000 |        3 |        88 |            3.41 |
| Signals                  |     0.005 |     1934 |       --- |             --- |
| MMCM                     |     0.124 |        2 |         4 |           50.00 |
| PLL                      |     0.110 |        1 |         4 |           25.00 |
| I/O                      |     0.165 |       24 |       125 |           19.20 |
| Static Power             |     0.112 |          |           |                 |
| Total                    |     0.528 |          |           |                 |
+--------------------------+-----------+----------+-----------+-----------------+


1.2 Power Supply Summary
------------------------

+-----------+-------------+-----------+-------------+------------+
| Source    | Voltage (V) | Total (A) | Dynamic (A) | Static (A) |
+-----------+-------------+-----------+-------------+------------+
| Vccint    |       1.000 |     0.040 |       0.031 |      0.009 |
| Vccaux    |       1.800 |     0.151 |       0.140 |      0.011 |
| Vcco33    |       3.300 |     0.041 |       0.040 |      0.001 |
| Vcco25    |       2.500 |     0.000 |       0.000 |      0.000 |
| Vcco18    |       1.800 |     0.000 |       0.000 |      0.000 |
| Vcco15    |       1.500 |     0.000 |       0.000 |      0.000 |
| Vcco135   |       1.350 |     0.000 |       0.000 |      0.000 |
| Vcco12    |       1.200 |     0.000 |       0.000 |      0.000 |
| Vccaux_io |       1.800 |     0.000 |       0.000 |      0.000 |
| Vccbram   |       1.000 |     0.001 |       0.000 |      0.001 |
| MGTAVcc   |       1.000 |     0.000 |       0.000 |      0.000 |
| MGTAVtt   |       1.200 |     0.000 |       0.000 |      0.000 |
| MGTVccaux |       1.800 |     0.000 |       0.000 |      0.000 |
| Vccpint   |       1.000 |     0.019 |       0.000 |      0.019 |
| Vccpaux   |       1.800 |     0.010 |       0.000 |      0.010 |
| Vccpll    |       1.800 |     0.003 |       0.000 |      0.003 |
| Vcco_ddr  |       1.500 |     0.000 |       0.000 |      0.000 |
| Vcco_mio0 |       1.800 |     0.000 |       0.000 |      0.000 |
| Vcco_mio1 |       1.800 |     0.000 |       0.000 |      0.000 |
| Vccadc    |       1.800 |     0.020 |       0.000 |      0.020 |
+-----------+-------------+-----------+-------------+------------+


1.3 Confidence Level
--------------------

+-----------------------------+------------+--------------------------------------------------------+--------------------------------------------------------------------------------------------------------------------+
| User Input Data             | Confidence | Details                                                | Action                                                                                                             |
+-----------------------------+------------+--------------------------------------------------------+--------------------------------------------------------------------------------------------------------------------+
| Design implementation state | High       | Design is routed                                       |                                                                                                                    |
| Clock nodes activity        | Low        | User specified less than 75% of clocks                 | Provide missing clock activity with a constraint file, simulation results or by editing the "By Clock Domain" view |
| I/O nodes activity          | Low        | More than 75% of inputs are missing user specification | Provide missing input activity with simulation results or by editing the "By Resource Type -> I/Os" view           |
| Internal nodes activity     | Medium     | User specified less than 25% of internal nodes         | Provide missing internal nodes activity with simulation results or by editing the "By Resource Type" views         |
| Device models               | High       | Device models are Production                           |                                                                                                                    |
|                             |            |                                                        |                                                                                                                    |
| Overall confidence level    | Low        |                                                        |                                                                                                                    |
+-----------------------------+------------+--------------------------------------------------------+--------------------------------------------------------------------------------------------------------------------+


2. Settings
-----------

2.1 Environment
---------------

+-----------------------+------------------------+
| Ambient Temp (C)      | 25.0                   |
| ThetaJA (C/W)         | 11.5                   |
| Airflow (LFM)         | 250                    |
| Heat Sink             | none                   |
| ThetaSA (C/W)         | 0.0                    |
| Board Selection       | medium (10"x10")       |
| # of Board Layers     | 8to11 (8 to 11 Layers) |
| Board Temperature (C) | 25.0                   |
+-----------------------+------------------------+


2.2 Clock Constraints
---------------------

+------------------------------+-------------------------------------------------------+-----------------+
| Clock                        | Domain                                                | Constraint (ns) |
+------------------------------+-------------------------------------------------------+-----------------+
| CLK                          | CLK                                                   |             8.0 |
| clk_out1_HDMI_bd_clk_wiz_0_0 | HDMI_bd_i/clk_wiz_0/inst/clk_out1_HDMI_bd_clk_wiz_0_0 |             5.0 |
| clkfbout_HDMI_bd_clk_wiz_0_0 | HDMI_bd_i/clk_wiz_0/inst/clkfbout_HDMI_bd_clk_wiz_0_0 |             8.0 |
+------------------------------+-------------------------------------------------------+-----------------+


3. Detailed Reports
-------------------

3.1 By Hierarchy
----------------

+-------------------------------------------------+-----------+
| Name                                            | Power (W) |
+-------------------------------------------------+-----------+
| HDMI_bd_wrapper                                 |     0.415 |
|   HDMI_bd_i                                     |     0.414 |
|     MessageSend_0                               |     0.002 |
|       U0                                        |     0.002 |
|         messageUART                             |     0.002 |
|           cmp_fullcycle                         |    <0.001 |
|           cmp_fullcycle2                        |    <0.001 |
|           cmp_nbrbits                           |    <0.001 |
|           counter_fullcycle                     |    <0.001 |
|             Inst_reg0                           |    <0.001 |
|             Inst_reg1                           |    <0.001 |
|             Inst_reg10                          |    <0.001 |
|             Inst_reg11                          |    <0.001 |
|             Inst_reg12                          |    <0.001 |
|             Inst_reg13                          |    <0.001 |
|             Inst_reg14                          |    <0.001 |
|             Inst_reg15                          |    <0.001 |
|             Inst_reg2                           |    <0.001 |
|             Inst_reg3                           |    <0.001 |
|             Inst_reg4                           |    <0.001 |
|             Inst_reg5                           |    <0.001 |
|             Inst_reg6                           |    <0.001 |
|             Inst_reg7                           |    <0.001 |
|             Inst_reg8                           |    <0.001 |
|             Inst_reg9                           |    <0.001 |
|           counter_fullcycle2                    |    <0.001 |
|             Inst_reg0                           |    <0.001 |
|             Inst_reg1                           |    <0.001 |
|             Inst_reg10                          |    <0.001 |
|             Inst_reg11                          |    <0.001 |
|             Inst_reg12                          |    <0.001 |
|             Inst_reg13                          |    <0.001 |
|             Inst_reg14                          |    <0.001 |
|             Inst_reg15                          |    <0.001 |
|             Inst_reg2                           |    <0.001 |
|             Inst_reg3                           |    <0.001 |
|             Inst_reg4                           |    <0.001 |
|             Inst_reg5                           |    <0.001 |
|             Inst_reg6                           |    <0.001 |
|             Inst_reg7                           |    <0.001 |
|             Inst_reg8                           |    <0.001 |
|             Inst_reg9                           |    <0.001 |
|           counter_nbrbits                       |    <0.001 |
|             Inst_reg0                           |    <0.001 |
|             Inst_reg1                           |    <0.001 |
|             Inst_reg10                          |    <0.001 |
|             Inst_reg11                          |    <0.001 |
|             Inst_reg12                          |    <0.001 |
|             Inst_reg13                          |    <0.001 |
|             Inst_reg14                          |    <0.001 |
|             Inst_reg15                          |    <0.001 |
|             Inst_reg2                           |    <0.001 |
|             Inst_reg3                           |    <0.001 |
|             Inst_reg4                           |    <0.001 |
|             Inst_reg5                           |    <0.001 |
|             Inst_reg6                           |    <0.001 |
|             Inst_reg7                           |    <0.001 |
|             Inst_reg8                           |    <0.001 |
|             Inst_reg9                           |    <0.001 |
|           regOut                                |    <0.001 |
|             reg_dec_parametrisable[1].registreN |    <0.001 |
|             reg_dec_parametrisable[2].registreN |    <0.001 |
|             reg_dec_parametrisable[3].registreN |    <0.001 |
|             reg_dec_parametrisable[4].registreN |    <0.001 |
|             reg_dec_parametrisable[5].registreN |    <0.001 |
|             reg_dec_parametrisable[6].registreN |    <0.001 |
|             reg_dec_parametrisable[7].registreN |    <0.001 |
|             registre1                           |    <0.001 |
|     boite_0                                     |     0.001 |
|       U0                                        |     0.001 |
|         compteurLigne                           |    <0.001 |
|           REG                                   |    <0.001 |
|             GEN_REG[0].REG                      |    <0.001 |
|             GEN_REG[10].REG                     |    <0.001 |
|             GEN_REG[11].REG                     |    <0.001 |
|             GEN_REG[12].REG                     |    <0.001 |
|             GEN_REG[13].REG                     |    <0.001 |
|             GEN_REG[14].REG                     |    <0.001 |
|             GEN_REG[15].REG                     |    <0.001 |
|             GEN_REG[1].REG                      |    <0.001 |
|             GEN_REG[2].REG                      |    <0.001 |
|             GEN_REG[3].REG                      |    <0.001 |
|             GEN_REG[4].REG                      |    <0.001 |
|             GEN_REG[5].REG                      |    <0.001 |
|             GEN_REG[6].REG                      |    <0.001 |
|             GEN_REG[7].REG                      |    <0.001 |
|             GEN_REG[8].REG                      |    <0.001 |
|             GEN_REG[9].REG                      |    <0.001 |
|         compteurPixel                           |    <0.001 |
|           REG                                   |    <0.001 |
|             GEN_REG[0].REG                      |    <0.001 |
|             GEN_REG[10].REG                     |    <0.001 |
|             GEN_REG[11].REG                     |    <0.001 |
|             GEN_REG[12].REG                     |    <0.001 |
|             GEN_REG[13].REG                     |    <0.001 |
|             GEN_REG[14].REG                     |    <0.001 |
|             GEN_REG[15].REG                     |    <0.001 |
|             GEN_REG[1].REG                      |    <0.001 |
|             GEN_REG[2].REG                      |    <0.001 |
|             GEN_REG[3].REG                      |    <0.001 |
|             GEN_REG[4].REG                      |    <0.001 |
|             GEN_REG[5].REG                      |    <0.001 |
|             GEN_REG[6].REG                      |    <0.001 |
|             GEN_REG[7].REG                      |    <0.001 |
|             GEN_REG[8].REG                      |    <0.001 |
|             GEN_REG[9].REG                      |    <0.001 |
|     clk_wiz_0                                   |     0.111 |
|       inst                                      |     0.111 |
|     comparaison_couleurs_0                      |    <0.001 |
|       U0                                        |    <0.001 |
|     dvi2rgb_0                                   |     0.101 |
|       U0                                        |     0.101 |
|         DataDecoders[0].DecoderX                |     0.011 |
|           ChannelBondX                          |    <0.001 |
|             pFIFO_reg_0_31_0_5                  |    <0.001 |
|             pFIFO_reg_0_31_6_9                  |    <0.001 |
|           InputSERDES_X                         |     0.010 |
|           PhaseAlignX                           |    <0.001 |
|           SyncBaseOvf                           |    <0.001 |
|             SyncAsyncx                          |    <0.001 |
|           SyncBaseRst                           |    <0.001 |
|             SyncAsyncx                          |    <0.001 |
|         DataDecoders[1].DecoderX                |     0.011 |
|           ChannelBondX                          |    <0.001 |
|             pFIFO_reg_0_31_0_5                  |    <0.001 |
|             pFIFO_reg_0_31_6_9                  |    <0.001 |
|           InputSERDES_X                         |     0.010 |
|           PhaseAlignX                           |    <0.001 |
|           SyncBaseOvf                           |    <0.001 |
|             SyncAsyncx                          |    <0.001 |
|           SyncBaseRst                           |    <0.001 |
|             SyncAsyncx                          |    <0.001 |
|         DataDecoders[2].DecoderX                |     0.011 |
|           ChannelBondX                          |    <0.001 |
|             pFIFO_reg_0_31_0_5                  |    <0.001 |
|             pFIFO_reg_0_31_6_9                  |    <0.001 |
|           InputSERDES_X                         |     0.010 |
|           PhaseAlignX                           |    <0.001 |
|           SyncBaseOvf                           |    <0.001 |
|             SyncAsyncx                          |    <0.001 |
|           SyncBaseRst                           |    <0.001 |
|             SyncAsyncx                          |    <0.001 |
|         GenerateBUFG.ResyncToBUFG_X             |    <0.001 |
|         GenerateDDC.DDC_EEPROM                  |     0.002 |
|           I2C_SlaveController                   |     0.001 |
|             GlitchF_SCL                         |    <0.001 |
|             GlitchF_SDA                         |    <0.001 |
|             SyncSCL                             |    <0.001 |
|             SyncSDA                             |    <0.001 |
|         LockLostReset                           |     0.000 |
|           SyncAsyncx                            |     0.000 |
|         TMDS_ClockingX                          |     0.065 |
|           LockLostReset                         |    <0.001 |
|             SyncAsyncx                          |    <0.001 |
|           MMCM_LockSync                         |    <0.001 |
|           RdyLostReset                          |    <0.001 |
|             SyncAsyncx                          |    <0.001 |
|     moyennage_0                                 |    <0.001 |
|       U0                                        |    <0.001 |
|     rgb2dvi_0                                   |     0.195 |
|       U0                                        |     0.195 |
|         ClockGenInternal.ClockGenX              |     0.062 |
|           LockLostReset                         |     0.000 |
|             SyncAsyncx                          |     0.000 |
|           PLL_LockSyncAsync                     |     0.000 |
|         ClockSerializer                         |     0.033 |
|         DataEncoders[0].DataEncoder             |    <0.001 |
|         DataEncoders[0].DataSerializer          |     0.033 |
|         DataEncoders[1].DataEncoder             |    <0.001 |
|         DataEncoders[1].DataSerializer          |     0.033 |
|         DataEncoders[2].DataEncoder             |    <0.001 |
|         DataEncoders[2].DataSerializer          |     0.033 |
|         LockLostReset                           |     0.000 |
|           SyncAsyncx                            |     0.000 |
|     xlconstant_0                                |     0.000 |
|     zonePeau_0                                  |     0.003 |
|       U0                                        |     0.003 |
|         compteurLigne                           |     0.001 |
|           REG                                   |     0.001 |
|             GEN_REG[0].REG                      |    <0.001 |
|             GEN_REG[10].REG                     |    <0.001 |
|             GEN_REG[11].REG                     |    <0.001 |
|             GEN_REG[12].REG                     |    <0.001 |
|             GEN_REG[13].REG                     |    <0.001 |
|             GEN_REG[14].REG                     |    <0.001 |
|             GEN_REG[15].REG                     |    <0.001 |
|             GEN_REG[16].REG                     |    <0.001 |
|             GEN_REG[17].REG                     |    <0.001 |
|             GEN_REG[18].REG                     |    <0.001 |
|             GEN_REG[19].REG                     |    <0.001 |
|             GEN_REG[1].REG                      |    <0.001 |
|             GEN_REG[20].REG                     |    <0.001 |
|             GEN_REG[2].REG                      |    <0.001 |
|             GEN_REG[3].REG                      |    <0.001 |
|             GEN_REG[4].REG                      |    <0.001 |
|             GEN_REG[5].REG                      |    <0.001 |
|             GEN_REG[6].REG                      |    <0.001 |
|             GEN_REG[7].REG                      |    <0.001 |
|             GEN_REG[8].REG                      |    <0.001 |
|             GEN_REG[9].REG                      |    <0.001 |
|         compteurPixel                           |     0.001 |
|           REG                                   |     0.001 |
|             GEN_REG[0].REG                      |    <0.001 |
|             GEN_REG[10].REG                     |    <0.001 |
|             GEN_REG[11].REG                     |    <0.001 |
|             GEN_REG[12].REG                     |    <0.001 |
|             GEN_REG[13].REG                     |    <0.001 |
|             GEN_REG[14].REG                     |    <0.001 |
|             GEN_REG[15].REG                     |    <0.001 |
|             GEN_REG[16].REG                     |    <0.001 |
|             GEN_REG[17].REG                     |    <0.001 |
|             GEN_REG[18].REG                     |    <0.001 |
|             GEN_REG[19].REG                     |    <0.001 |
|             GEN_REG[1].REG                      |    <0.001 |
|             GEN_REG[20].REG                     |    <0.001 |
|             GEN_REG[2].REG                      |    <0.001 |
|             GEN_REG[3].REG                      |    <0.001 |
|             GEN_REG[4].REG                      |    <0.001 |
|             GEN_REG[5].REG                      |    <0.001 |
|             GEN_REG[6].REG                      |    <0.001 |
|             GEN_REG[7].REG                      |    <0.001 |
|             GEN_REG[8].REG                      |    <0.001 |
|             GEN_REG[9].REG                      |    <0.001 |
|   hdmi_in_ddc_scl_iobuf                         |     0.000 |
|   hdmi_in_ddc_sda_iobuf                         |     0.000 |
+-------------------------------------------------+-----------+


